<?xml version="1.0" encoding="UTF-8"?>
<testsuite name="dunn.dunnshop.DunnShopApplicationTests" tests="1" skipped="0" failures="0" errors="0" timestamp="2024-04-18T10:04:51" hostname="cheonseunghwan-ui-MacBookAir.local" time="0.286">
  <properties/>
  <testcase name="contextLoads()" classname="dunn.dunnshop.DunnShopApplicationTests" time="0.286"/>
  <system-out><![CDATA[19:04:49.339 [Test worker] INFO org.springframework.test.context.support.AnnotationConfigContextLoaderUtils -- Could not detect default configuration classes for test class [dunn.dunnshop.DunnShopApplicationTests]: DunnShopApplicationTests does not declare any static, non-private, non-final, nested classes annotated with @Configuration.
19:04:49.374 [Test worker] INFO org.springframework.boot.test.context.SpringBootTestContextBootstrapper -- Found @SpringBootConfiguration dunn.dunnshop.DunnShopApplication for test class dunn.dunnshop.DunnShopApplicationTests

  .   ____          _            __ _ _
 /\\ / ___'_ __ _ _(_)_ __  __ _ \ \ \ \
( ( )\___ | '_ | '_| | '_ \/ _` | \ \ \ \
 \\/  ___)| |_)| | | | | || (_| |  ) ) ) )
  '  |____| .__|_| |_|_| |_\__, | / / / /
 =========|_|==============|___/=/_/_/_/
 :: Spring Boot ::                (v3.2.3)

2024-04-18T19:04:49.507+09:00  INFO 16428 --- [    Test worker] dunn.dunnshop.DunnShopApplicationTests   : Starting DunnShopApplicationTests using Java 21.0.1 with PID 16428 (started by seunghwan in /Users/seunghwan/Documents/duun_workspace)
2024-04-18T19:04:49.507+09:00  INFO 16428 --- [    Test worker] dunn.dunnshop.DunnShopApplicationTests   : The following 1 profile is active: "private"
2024-04-18T19:04:49.730+09:00  INFO 16428 --- [    Test worker] .s.d.r.c.RepositoryConfigurationDelegate : Bootstrapping Spring Data JPA repositories in DEFAULT mode.
2024-04-18T19:04:49.752+09:00  INFO 16428 --- [    Test worker] .s.d.r.c.RepositoryConfigurationDelegate : Finished Spring Data repository scanning in 19 ms. Found 3 JPA repository interfaces.
2024-04-18T19:04:49.921+09:00  INFO 16428 --- [    Test worker] o.hibernate.jpa.internal.util.LogHelper  : HHH000204: Processing PersistenceUnitInfo [name: default]
2024-04-18T19:04:49.939+09:00  INFO 16428 --- [    Test worker] org.hibernate.Version                    : HHH000412: Hibernate ORM core version 6.4.4.Final
2024-04-18T19:04:49.951+09:00  INFO 16428 --- [    Test worker] o.h.c.internal.RegionFactoryInitiator    : HHH000026: Second-level cache disabled
2024-04-18T19:04:50.035+09:00  INFO 16428 --- [    Test worker] o.s.o.j.p.SpringPersistenceUnitInfo      : No LoadTimeWeaver setup: ignoring JPA class transformer
2024-04-18T19:04:50.046+09:00  INFO 16428 --- [    Test worker] com.zaxxer.hikari.HikariDataSource       : HikariPool-1 - Starting...
2024-04-18T19:04:50.257+09:00  INFO 16428 --- [    Test worker] com.zaxxer.hikari.pool.HikariPool        : HikariPool-1 - Added connection com.mysql.cj.jdbc.ConnectionImpl@6076c66
2024-04-18T19:04:50.258+09:00  INFO 16428 --- [    Test worker] com.zaxxer.hikari.HikariDataSource       : HikariPool-1 - Start completed.
2024-04-18T19:04:50.283+09:00  WARN 16428 --- [    Test worker] org.hibernate.orm.deprecation            : HHH90000025: MySQLDialect does not need to be specified explicitly using 'hibernate.dialect' (remove the property setting and it will be selected by default)
2024-04-18T19:04:50.653+09:00  INFO 16428 --- [    Test worker] o.h.e.t.j.p.i.JtaPlatformInitiator       : HHH000489: No JTA platform available (set 'hibernate.transaction.jta.platform' to enable JTA platform integration)
2024-04-18T19:04:50.743+09:00  INFO 16428 --- [    Test worker] j.LocalContainerEntityManagerFactoryBean : Initialized JPA EntityManagerFactory for persistence unit 'default'
2024-04-18T19:04:50.959+09:00  WARN 16428 --- [    Test worker] JpaBaseConfiguration$JpaWebConfiguration : spring.jpa.open-in-view is enabled by default. Therefore, database queries may be performed during view rendering. Explicitly configure spring.jpa.open-in-view to disable this warning
2024-04-18T19:04:51.119+09:00  INFO 16428 --- [    Test worker] dunn.dunnshop.DunnShopApplicationTests   : Started DunnShopApplicationTests in 1.695 seconds (process running for 2.122)
]]></system-out>
  <system-err><![CDATA[WARNING: A Java agent has been loaded dynamically (/Users/seunghwan/.gradle/caches/modules-2/files-2.1/net.bytebuddy/byte-buddy-agent/1.14.12/be4984cb6fd1ef1d11f218a648889dfda44b8a15/byte-buddy-agent-1.14.12.jar)
WARNING: If a serviceability tool is in use, please run with -XX:+EnableDynamicAgentLoading to hide this warning
WARNING: If a serviceability tool is not in use, please run with -Djdk.instrument.traceUsage for more information
WARNING: Dynamic loading of agents will be disallowed by default in a future release
]]></system-err>
</testsuite>
